<?xml version="1.0" encoding="UTF-8"?>
<!-- Generated by org.testng.reporters.JUnitReportReporter -->
<testsuite skipped="0" hostname="Edils-MacBook-Pro.local" name="PomDesign.CalculatorTest" tests="1" failures="0" timestamp="18 Dec 2018 16:54:06 GMT" time="2.353" errors="0">
  <testcase name="login" time="2.353" classname="PomDesign.CalculatorTest"/>
</testsuite> <!-- PomDesign.CalculatorTest -->
