<?xml version="1.0" encoding="UTF-8"?>
<!-- Generated by org.testng.reporters.JUnitReportReporter -->
<testsuite skipped="0" hostname="Edils-MacBook-Pro.local" name="pomdesign.WebOrderLoginTest" tests="3" failures="0" timestamp="12 Dec 2018 21:22:47 GMT" time="0.777" errors="0">
  <testcase name="loginUsingPOM" time="0.232" classname="pomdesign.WebOrderLoginTest"/>
  <testcase name="invalidLogin" time="0.322" classname="pomdesign.WebOrderLoginTest"/>
  <testcase name="login" time="0.223" classname="pomdesign.WebOrderLoginTest"/>
</testsuite> <!-- pomdesign.WebOrderLoginTest -->
