<?xml version="1.0" encoding="UTF-8"?>
<!-- Generated by org.testng.reporters.JUnitReportReporter -->
<testsuite skipped="0" hostname="Edils-MacBook-Pro.local" name="AppBeforeAfterSuit" tests="3" failures="0" timestamp="03 Dec 2018 23:19:17 GMT" time="0.007" errors="0">
  <testcase name="LoginTest" time="0.004" classname="AppBeforeAfterSuit"/>
  <testcase name="PasswordChange" time="0.001" classname="AppBeforeAfterSuit"/>
  <testcase name="LogoutTest" time="0.002" classname="AppBeforeAfterSuit"/>
</testsuite> <!-- AppBeforeAfterSuit -->
