<?xml version="1.0" encoding="UTF-8"?>
<!-- Generated by org.testng.reporters.JUnitReportReporter -->
<testsuite skipped="0" hostname="Edils-MacBook-Pro.local" name="TESTCASES.AppDataProvider" tests="6" failures="0" timestamp="04 Dec 2018 21:15:32 GMT" time="0.009" errors="0">
  <testcase name="loginTest" time="0.001" classname="TESTCASES.AppDataProvider"/>
  <testcase name="logintest2" time="0.001" classname="TESTCASES.AppDataProvider"/>
  <testcase name="loginTest" time="0.004" classname="TESTCASES.AppDataProvider"/>
  <testcase name="logintest2" time="0.001" classname="TESTCASES.AppDataProvider"/>
  <testcase name="logintest2" time="0.001" classname="TESTCASES.AppDataProvider"/>
  <testcase name="loginTest" time="0.001" classname="TESTCASES.AppDataProvider"/>
</testsuite> <!-- TESTCASES.AppDataProvider -->
