<?xml version="1.0" encoding="UTF-8"?>
<!-- Generated by org.testng.reporters.JUnitReportReporter -->
<testsuite skipped="0" hostname="Edils-MacBook-Pro.local" name="App" tests="3" failures="0" timestamp="03 Dec 2018 17:40:31 GMT" time="0.013" errors="0">
  <testcase name="LoginTest" time="0.009" classname="App"/>
  <testcase name="PasswordChange" time="0.002" classname="App"/>
  <testcase name="LogoutTest" time="0.002" classname="App"/>
</testsuite> <!-- App -->
