<?xml version="1.0" encoding="UTF-8"?>
<!-- Generated by org.testng.reporters.JUnitReportReporter -->
<testsuite skipped="0" hostname="Edils-MacBook-Pro.local" name="TESTCASES.App" tests="3" failures="0" timestamp="04 Dec 2018 21:15:32 GMT" time="0.003" errors="0">
  <testcase name="LogoutTest" time="0.001" classname="TESTCASES.App"/>
  <testcase name="LoginTest" time="0.001" classname="TESTCASES.App"/>
  <testcase name="PasswordChange" time="0.001" classname="TESTCASES.App"/>
</testsuite> <!-- TESTCASES.App -->
