<?xml version="1.0" encoding="UTF-8"?>
<!-- Generated by org.testng.reporters.JUnitReportReporter -->
<testsuite skipped="0" hostname="Edils-MacBook-Pro.local" name="AppDataProvider" tests="6" failures="0" timestamp="04 Dec 2018 16:06:51 GMT" time="0.015" errors="0">
  <testcase name="logintest2" time="0.002" classname="AppDataProvider"/>
  <testcase name="loginTest" time="0.008" classname="AppDataProvider"/>
  <testcase name="logintest2" time="0.002" classname="AppDataProvider"/>
  <testcase name="logintest2" time="0.001" classname="AppDataProvider"/>
  <testcase name="loginTest" time="0.001" classname="AppDataProvider"/>
  <testcase name="loginTest" time="0.001" classname="AppDataProvider"/>
</testsuite> <!-- AppDataProvider -->
