<?xml version="1.0" encoding="UTF-8"?>
<!-- Generated by org.testng.reporters.JUnitReportReporter -->
<testsuite skipped="0" hostname="Edils-MacBook-Pro.local" name="Assigment8getTextAttribute2" tests="1" failures="0" timestamp="17 Dec 2018 02:50:55 GMT" time="5.151" errors="0">
  <testcase name="navigate" time="5.151" classname="Assigment8getTextAttribute2"/>
</testsuite> <!-- Assigment8getTextAttribute2 -->
