<?xml version="1.0" encoding="UTF-8"?>
<!-- Generated by org.testng.reporters.JUnitReportReporter -->
<testsuite skipped="0" hostname="Edils-MacBook-Pro.local" name="Assigment7Synchronization" tests="1" failures="0" timestamp="16 Dec 2018 22:33:05 GMT" time="10.637" errors="0">
  <testcase name="synchTest" time="10.637" classname="Assigment7Synchronization"/>
</testsuite> <!-- Assigment7Synchronization -->
