<?xml version="1.0" encoding="UTF-8"?>
<!-- Generated by org.testng.reporters.JUnitReportReporter -->
<testsuite skipped="0" hostname="Edils-MacBook-Pro.local" name="Assigment5" tests="2" failures="0" timestamp="06 Dec 2018 03:24:44 GMT" time="15.852" errors="0">
  <testcase name="salesforceLogin" time="4.168" classname="Assigment5"/>
  <testcase name="bestbuy" time="11.684" classname="Assigment5"/>
</testsuite> <!-- Assigment5 -->
