<?xml version="1.0" encoding="UTF-8"?>
<!-- Generated by org.testng.reporters.JUnitReportReporter -->
<testsuite skipped="0" hostname="Edils-MacBook-Pro.local" name="com.grid.gridTest" tests="1" failures="0" timestamp="11 Dec 2018 17:33:30 GMT" time="3.327" errors="0">
  <testcase name="login" time="3.327" classname="com.grid.gridTest"/>
</testsuite> <!-- com.grid.gridTest -->
