<?xml version="1.0" encoding="UTF-8"?>
<!-- Generated by org.testng.reporters.JUnitReportReporter -->
<testsuite skipped="0" hostname="Edils-MacBook-Pro.local" name="com.grid.gridTest2" tests="1" failures="0" timestamp="11 Dec 2018 17:33:30 GMT" time="20.322" errors="0">
  <testcase name="login" time="20.322" classname="com.grid.gridTest2"/>
</testsuite> <!-- com.grid.gridTest2 -->
