<?xml version="1.0" encoding="UTF-8"?>
<!-- Generated by org.testng.reporters.JUnitReportReporter -->
<testsuite skipped="0" hostname="Edils-MacBook-Pro.local" name="pomdesign.WebOrderLoginTest" tests="3" failures="0" timestamp="12 Dec 2018 21:12:41 GMT" time="6.287" errors="0">
  <testcase name="login" time="2.236" classname="pomdesign.WebOrderLoginTest"/>
  <testcase name="invalidLogin" time="1.904" classname="pomdesign.WebOrderLoginTest"/>
  <testcase name="loginUsingPOM" time="2.147" classname="pomdesign.WebOrderLoginTest"/>
</testsuite> <!-- pomdesign.WebOrderLoginTest -->
