<?xml version="1.0" encoding="UTF-8"?>
<!-- Generated by org.testng.reporters.JUnitReportReporter -->
<testsuite hostname="Edils-MacBook-Pro.local" failures="0" tests="1" name="cybertek.YahooTest" time="10.951" errors="0" timestamp="06 Dec 2018 17:32:22 GMT" skipped="0">
  <testcase classname="cybertek.YahooTest" name="navigatetoamazon" time="10.951"/>
</testsuite> <!-- cybertek.YahooTest -->
