<?xml version="1.0" encoding="UTF-8"?>
<!-- Generated by org.testng.reporters.JUnitReportReporter -->
<testsuite hostname="Edils-MacBook-Pro.local" failures="0" tests="1" name="com.newtours.loginTest" time="4.122" errors="0" timestamp="2018-12-07T11:17:01 CST" skipped="0">
  <testcase classname="com.newtours.loginTest" name="login" time="4.122"/>
</testsuite> <!-- com.newtours.loginTest -->
