<?xml version="1.0" encoding="UTF-8"?>
<!-- Generated by org.testng.reporters.JUnitReportReporter -->
<testsuite skipped="0" hostname="Edils-MacBook-Pro.local" name="com.google.googleSearchTest" tests="1" failures="0" timestamp="11 Dec 2018 00:13:32 GMT" time="8.368" errors="0">
  <testcase name="searchResults" time="8.368" classname="com.google.googleSearchTest"/>
</testsuite> <!-- com.google.googleSearchTest -->
