<?xml version="1.0" encoding="UTF-8"?>
<!-- Generated by org.testng.reporters.JUnitReportReporter -->
<testsuite skipped="0" hostname="Edils-MacBook-Pro.local" name="App" tests="3" failures="0" timestamp="03 Dec 2018 17:31:23 GMT" time="0.010" errors="0">
  <testcase name="LoginTest" time="0.008" classname="App"/>
  <testcase name="LogoutTest" time="0.001" classname="App"/>
  <testcase name="PasswordChange" time="0.001" classname="App"/>
</testsuite> <!-- App -->
