<?xml version="1.0" encoding="UTF-8"?>
<!-- Generated by org.testng.reporters.JUnitReportReporter -->
<testsuite skipped="0" hostname="Edils-MacBook-Pro.local" name="com.cybertek.sauseTest" tests="1" failures="0" timestamp="11 Dec 2018 20:04:53 GMT" time="10.557" errors="0">
  <testcase name="login" time="10.557" classname="com.cybertek.sauseTest"/>
</testsuite> <!-- com.cybertek.sauseTest -->
