<?xml version="1.0" encoding="UTF-8"?>
<!-- Generated by org.testng.reporters.JUnitReportReporter -->
<testsuite hostname="Edils-MacBook-Pro.local" failures="0" tests="1" name="cybertek.AmazonTest" time="3.569" errors="0" timestamp="06 Dec 2018 20:02:34 GMT" skipped="0">
  <testcase classname="cybertek.AmazonTest" name="navigatetoamazon" time="3.569"/>
</testsuite> <!-- cybertek.AmazonTest -->
