<?xml version="1.0" encoding="UTF-8"?>
<!-- Generated by org.testng.reporters.JUnitReportReporter -->
<testsuite hostname="Edils-MacBook-Pro.local" failures="0" tests="1" name="cybertek2.ABCTest" time="1.519" errors="0" timestamp="06 Dec 2018 19:55:08 GMT" skipped="0">
  <testcase classname="cybertek2.ABCTest" name="navigatetoamazon" time="1.519"/>
</testsuite> <!-- cybertek2.ABCTest -->
